********************************************************************************
DUPLICATOR-LITE PACKAGE-LOG: 08.01.2023 09:30
NOTICE: Do NOT post to public sites or forums 
********************************************************************************
VERSION:	1.5.1
WORDPRESS:	6.1.1
PHP INFO:	7.4.21 | SAPI: apache2handler
SERVER:		Apache/2.4.46 (Unix) OpenSSL/1.0.2u PHP/7.4.21 mod_wsgi/3.5 Python/2.7.13 mod_fastcgi/mod_fastcgi-SNAP-0910052141 mod_perl/2.0.11 Perl/v5.30.1 
PHP TIME LIMIT: (0) no time limit imposed 
PHP MAX MEMORY: 4294967296 (128M default) 
MEMORY STACK: 4MB

********************************************************************************
DATABASE:
********************************************************************************
BUILD MODE:   MYSQLDUMP
MYSQLTIMEOUT: 5000
MYSQLDUMP:    Is Supported
MYSQL DUMP ERROR 2

==================================================================================
DUPLICATOR ERROR
Please try again! If the error persists see the Duplicator 'Help' menu.
---------------------------------------------------------------------------------
MESSAGE:
	Shell mysql dump error. Change SQL Mode to the "PHP Code" in the Duplicator > Settings > Packages.
DETAILS:
	mysqldump: Got error: 2002: Can't connect to local MySQL server through socket '/tmp/mysql.sock' (2) when trying to connect
/* Duplicator WordPress Timestamp: 2023-01-08 09:30:05*/
/* DUPLICATOR_MYSQLDUMP_EOF */
TRACE:
	 1. class.pack.database.php : error (594)
	 2. class.pack.database.php : mysqlDump (220)
	 3. class.pack.php : build (1366)
	 4. ctrl.package.php : runZipBuild (89)
	 5. class-wp-hook.php : duplicator_package_build (308)
	 6. class-wp-hook.php : apply_filters (332)
	 7. plugin.php : do_action (517)
	 8. admin-ajax.php : do_action (188)
==================================================================================


==================================================================================
DUPLICATOR ERROR
Please try again! If the error persists see the Duplicator 'Help' menu.
---------------------------------------------------------------------------------
MESSAGE:
	Runtime error in DUP_Database::Build. Shell mysql dump error. Change SQL Mode to the "PHP Code" in the Duplicator > Settings > Packages.
DETAILS:
	Exception: Exception: Shell mysql dump error. Change SQL Mode to the "PHP Code" in the Duplicator > Settings > Packages. in /Applications/MAMP/htdocs/mysite/wordpress/wp-content/plugins/duplicator/classes/class.logging.php:300
Stack trace:
#0 /Applications/MAMP/htdocs/mysite/wordpress/wp-content/plugins/duplicator/classes/package/class.pack.database.php(594): DUP_Log::error('Shell mysql dum...', 'mysqldump: Got ...', 1)
#1 /Applications/MAMP/htdocs/mysite/wordpress/wp-content/plugins/duplicator/classes/package/class.pack.database.php(220): DUP_Database->mysqlDump('/usr/local/mysq...')
#2 /Applications/MAMP/htdocs/mysite/wordpress/wp-content/plugins/duplicator/classes/package/class.pack.php(1366): DUP_Database->build(Object(DUP_Package), 1)
#3 /Applications/MAMP/htdocs/mysite/wordpress/wp-content/plugins/duplicator/ctrls/ctrl.package.php(89): DUP_Package->runZipBuild()
#4 /Applications/MAMP/htdocs/mysite/wordpress/wp-includes/class-wp-hook.php(308): duplicator_package_build('')
#5 /Applications/MAMP/htdocs/mysite/wordpress/wp-includes/class-wp-hook.php(332): WP_Hook->apply_filters('', Array)
#6 /Applications/MAMP/htdocs/mysite/wordpress/wp-includes/plugin.php(517): WP_Hook->do_action(Array)
#7 /Applications/MAMP/htdocs/mysite/wordpress/wp-admin/admin-ajax.php(188): do_action('wp_ajax_duplica...')
#8 {main}
TRACE:
	 1. class.pack.database.php : error (250)
	 2. class.pack.php : build (1366)
	 3. ctrl.package.php : runZipBuild (89)
	 4. class-wp-hook.php : duplicator_package_build (308)
	 5. class-wp-hook.php : apply_filters (332)
	 6. plugin.php : do_action (517)
	 7. admin-ajax.php : do_action (188)
==================================================================================

[PHP ERR][WARN] MSG:call_user_func_array() expects parameter 1 to be a valid callback, no array or string given [CODE:2|FILE:/Applications/MAMP/htdocs/mysite/wordpress/wp-includes/class-wp-hook.php|LINE:308]
DUP_Handler::shutdown, DUP_Handler::error, DUP_Handler::getMessage
